[2017-03-03 16:22:31] INFO: 自动化测试工具启动
[2017-03-03 16:22:31] INFO: Mac地址选择标志位为：0
[2017-03-03 16:22:31] INFO: 正在一键配网第1次
[2017-03-03 16:22:31] INFO: 正在打开APP，请稍后...
[2017-03-03 16:22:49] INFO: 打开APP花费时间：共18S
[2017-03-03 16:22:53] INFO: 打开APP成功
[2017-03-03 16:22:53] INFO: O_operate...widget_add_device_button
[2017-03-03 16:22:54] INFO: O_operate...(widget_add_device_button)success
[2017-03-03 16:22:54] INFO: L_loading...page_add_device_list 
[2017-03-03 16:22:55] INFO: L_loading...(page_add_device_list)success
[2017-03-03 16:22:55] INFO: O_operate...widget_add_history_button
[2017-03-03 16:22:56] INFO: O_operate...(widget_add_history_button)success
[2017-03-03 16:22:56] INFO: L_loading...page_add_history_list 
[2017-03-03 16:22:57] INFO: L_loading...(page_add_history_list)success
[2017-03-03 16:22:57] INFO: 正在操作控件 ： widget_add_history_list 
[2017-03-03 16:22:57] INFO: 操作控件 ： widget_add_history_list 成功
[2017-03-03 16:22:57] INFO: L_loading...page_add_specification 
[2017-03-03 16:22:59] INFO: L_loading...(page_add_specification)success
[2017-03-03 16:22:59] INFO: O_operate...widget_add_specification
[2017-03-03 16:23:05] INFO: O_operate...(widget_add_specification)success
[2017-03-03 16:23:05] INFO: L_loading...page_input_wifi_password 
[2017-03-03 16:23:06] INFO: L_loading...(page_input_wifi_password)success
[2017-03-03 16:23:06] INFO: O_operate...widget_input_password_text
[2017-03-03 16:23:06] INFO: 正在输入密码
[2017-03-03 16:23:14] INFO: O_operate...(widget_input_password_text)success
[2017-03-03 16:23:14] INFO: O_operate...widget_input_password_conform
[2017-03-03 16:23:14] INFO: O_operate...(widget_input_password_conform)success
[2017-03-03 16:23:14] INFO: L_loading...page_search_device_loading 
[2017-03-03 16:23:15] INFO: L_loading...(page_search_device_loading)success
[2017-03-03 16:23:18] INFO: search device...
[2017-03-03 16:23:37] INFO: 搜索到设备，等待添加
[2017-03-03 16:23:38] INFO: 正在检测设备当前状态
[2017-03-03 16:23:40] INFO: 设备绑定成功
[2017-03-03 16:23:42] INFO: 正在检测设备是否在线
[2017-03-03 16:23:43] INFO: 设备在线
[2017-03-03 16:23:45] INFO: 正在操作控件 ： widget_control_power 
[2017-03-03 16:23:46] INFO: 点击成功
[2017-03-03 16:23:46] INFO: 设备电源已开启
[2017-03-03 16:23:47] INFO: 点击成功
[2017-03-03 16:23:48] INFO: 设备电源已关闭
[2017-03-03 16:23:48] INFO: 点击成功
[2017-03-03 16:23:49] INFO: 设备电源已开启
[2017-03-03 16:23:49] INFO: 点击成功
[2017-03-03 16:23:50] INFO: 设备电源已关闭
[2017-03-03 16:23:52] INFO: O_operate...widget_device_info
[2017-03-03 16:23:53] INFO: O_operate...(widget_device_info)success
[2017-03-03 16:23:53] INFO: L_loading...page_device_info 
[2017-03-03 16:23:54] INFO: L_loading...(page_device_info)success
[2017-03-03 16:23:54] INFO: 正在操作控件 ： widget_unbind_device 
[2017-03-03 16:23:55] INFO: 操作控件 ： widget_unbind_device 成功
[2017-03-03 16:23:55] INFO: 正在检测是否进入 popups_unbind_device 弹窗
[2017-03-03 16:23:56] INFO: 出现 popups_unbind_device 弹窗
[2017-03-03 16:23:56] INFO: 正在操作控件 ： widget_popups_unbind_device 
[2017-03-03 16:23:57] INFO: 操作控件 ： widget_popups_unbind_device 成功
[2017-03-03 16:23:59] INFO: 设备解除绑定成功
[2017-03-03 16:23:59] WARNING: 正在关闭APP
[2017-03-03 16:24:01] WARNING: 关闭APP成功
