[2017-03-16 17:59:27] INFO: 自动化测试工具启动
[2017-03-16 17:59:27] INFO: Mac地址选择标志位为：0
[2017-03-16 17:59:27] INFO: 正在一键配网第1次
[2017-03-16 17:59:27] INFO: 正在打开APP，请稍后...
[2017-03-16 17:59:29] INFO: Could not get IP address for host: localhost
[2017-03-16 17:59:31] INFO: &&&&&&&&&&&&&&&&&&&&&&&&&&&&&&&&&&&&&&&&
[2017-03-16 17:59:31] INFO: 测试次数：1次
[2017-03-16 17:59:31] INFO: 绑定成功次数：0次
[2017-03-16 17:59:31] INFO: 绑定失败次数：0次
[2017-03-16 17:59:31] INFO: 搜索设备超时次数：0次
[2017-03-16 17:59:31] INFO: 已被添加次数：0次
[2017-03-16 17:59:31] INFO: 已被绑定次数：0次
[2017-03-16 17:59:31] INFO: 操作超时次数：0次
[2017-03-16 17:59:31] INFO: APP打开失败次数：0次
[2017-03-16 17:59:31] INFO: 离线次数：0次
[2017-03-16 17:59:31] INFO: &&&&&&&&&&&&&&&&&&&&&&&&&&&&&&&&&&&&&&&&
[2017-03-16 17:59:31] INFO: Mac地址选择标志位为：1
[2017-03-16 17:59:31] INFO: 正在一键配网第2次
[2017-03-16 17:59:31] INFO: 正在打开APP，请稍后...
[2017-03-16 17:59:33] INFO: Could not get IP address for host: localhost
[2017-03-16 17:59:36] INFO: &&&&&&&&&&&&&&&&&&&&&&&&&&&&&&&&&&&&&&&&
[2017-03-16 17:59:36] INFO: 测试次数：2次
[2017-03-16 17:59:36] INFO: 绑定成功次数：0次
[2017-03-16 17:59:36] INFO: 绑定失败次数：0次
[2017-03-16 17:59:36] INFO: 搜索设备超时次数：0次
[2017-03-16 17:59:36] INFO: 已被添加次数：0次
[2017-03-16 17:59:36] INFO: 已被绑定次数：0次
[2017-03-16 17:59:36] INFO: 操作超时次数：0次
[2017-03-16 17:59:36] INFO: APP打开失败次数：0次
[2017-03-16 17:59:36] INFO: 离线次数：0次
[2017-03-16 17:59:36] INFO: &&&&&&&&&&&&&&&&&&&&&&&&&&&&&&&&&&&&&&&&
[2017-03-16 17:59:36] INFO: Mac地址选择标志位为：0
[2017-03-16 17:59:36] INFO: 正在一键配网第3次
[2017-03-16 17:59:36] INFO: 正在打开APP，请稍后...
[2017-03-16 17:59:38] INFO: Could not get IP address for host: localhost
